<?xml version="1.0" encoding="UTF-8"?>
<!-- Generated by org.testng.reporters.JUnitReportReporter -->
<testsuite hostname="Ivankas-MacBook-Pro.local" failures="0" tests="1" name="com.practice.PropertyFileReading" time="0.009" errors="0" timestamp="2020-01-19T14:00:52 CST" skipped="0">
  <testcase classname="com.practice.PropertyFileReading" name="read" time="0.009"/>
</testsuite> <!-- com.practice.PropertyFileReading -->
