<?xml version="1.0" encoding="UTF-8"?>
<!-- Generated by org.testng.reporters.JUnitReportReporter -->
<testsuite hostname="Ivankas-MacBook-Pro.local" failures="0" tests="1" name="com.practice.ExcelWriting" time="0.604" errors="0" timestamp="2020-01-23T19:19:34 CST" skipped="0">
  <testcase classname="com.practice.ExcelWriting" name="write" time="0.604"/>
</testsuite> <!-- com.practice.ExcelWriting -->
