<?xml version="1.0" encoding="UTF-8"?>
<!-- Generated by org.testng.reporters.JUnitReportReporter -->
<testsuite hostname="Ivankas-MacBook-Pro.local" failures="0" tests="1" name="com.hrms.testcases.LoginPageTest2" time="5.270" errors="0" timestamp="2020-01-26T01:02:26 CST" skipped="0">
  <testcase classname="com.hrms.testcases.LoginPageTest2" name="syntaxLoginPageValidation" time="5.270"/>
</testsuite> <!-- com.hrms.testcases.LoginPageTest2 -->
