<?xml version="1.0" encoding="UTF-8"?>
<!-- Generated by org.testng.reporters.JUnitReportReporter -->
<testsuite hostname="Ivankas-MacBook-Pro.local" failures="0" tests="2" name="com.hrms.testcases.LeaveListPageTest" time="13.141" errors="0" timestamp="2020-01-26T01:02:26 CST" skipped="0">
  <testcase classname="com.hrms.testcases.LeaveListPageTest" name="leaveLabelValidation1" time="6.243"/>
  <testcase classname="com.hrms.testcases.LeaveListPageTest" name="leaveLabelValidation" time="6.898"/>
</testsuite> <!-- com.hrms.testcases.LeaveListPageTest -->
