<?xml version="1.0" encoding="UTF-8"?>
<!-- Generated by org.testng.reporters.JUnitReportReporter -->
<testsuite hostname="Ivankas-MacBook-Pro.local" failures="0" tests="2" name="com.testcases.LoginPageTest" time="7.293" errors="0" timestamp="2020-01-19T10:39:28 CST" skipped="0">
  <testcase classname="com.testcases.LoginPageTest" name="login" time="4.413"/>
  <testcase classname="com.testcases.LoginPageTest" name="negativeLogin" time="2.880"/>
</testsuite> <!-- com.testcases.LoginPageTest -->
