<?xml version="1.0" encoding="UTF-8"?>
<!-- Generated by org.testng.reporters.JUnitReportReporter -->
<testsuite hostname="ivankas-mbp.ipahq.com" failures="0" tests="1" name="com.practice.XLReader" time="0.422" errors="0" timestamp="2020-01-23T15:22:00 CST" skipped="0">
  <testcase classname="com.practice.XLReader" name="read" time="0.422"/>
</testsuite> <!-- com.practice.XLReader -->
