<?xml version="1.0" encoding="UTF-8"?>
<!-- Generated by org.testng.reporters.JUnitReportReporter -->
<testsuite hostname="Ivankas-MacBook-Pro.local" failures="0" tests="2" name="com.hrms.testcases.AddEmployeePageTestExcel" time="20.841" errors="0" timestamp="2020-01-26T01:02:26 CST" skipped="0">
  <testcase classname="com.hrms.testcases.AddEmployeePageTestExcel" name="addMultipleEmpoyee" time="10.029"/>
  <testcase classname="com.hrms.testcases.AddEmployeePageTestExcel" name="addMultipleEmpoyee" time="10.812"/>
</testsuite> <!-- com.hrms.testcases.AddEmployeePageTestExcel -->
