<?xml version="1.0" encoding="UTF-8"?>
<!-- Generated by org.testng.reporters.JUnitReportReporter -->
<testsuite hostname="Ivankas-MacBook-Pro.local" failures="0" tests="1" name="com.practice.XLRecap" time="0.507" errors="0" timestamp="2020-01-23T18:40:02 CST" skipped="0">
  <testcase classname="com.practice.XLRecap" name="read" time="0.507"/>
</testsuite> <!-- com.practice.XLRecap -->
