<?xml version="1.0" encoding="UTF-8"?>
<!-- Generated by org.testng.reporters.JUnitReportReporter -->
<testsuite hostname="Ivankas-MacBook-Pro.local" failures="0" tests="1" name="com.hrms.testcases.LoginpageTest3" time="5.101" errors="0" timestamp="2020-01-26T01:02:26 CST" skipped="0">
  <testcase classname="com.hrms.testcases.LoginpageTest3" name="syntaxLoginPageValidation" time="5.101"/>
</testsuite> <!-- com.hrms.testcases.LoginpageTest3 -->
