<?xml version="1.0" encoding="UTF-8"?>
<!-- Generated by org.testng.reporters.JUnitReportReporter -->
<testsuite hostname="Ivankas-MacBook-Pro.local" failures="0" tests="3" name="com.hrms.testcases.AddEmployeePageTest" time="17.207" errors="0" timestamp="2020-01-26T01:02:26 CST" skipped="1">
  <testcase classname="com.hrms.testcases.AddEmployeePageTest" name="addingMultipleEmployees" time="8.459"/>
  <testcase classname="com.hrms.testcases.AddEmployeePageTest" name="addingMultipleEmployees" time="8.748"/>
  <testcase classname="com.hrms.testcases.AddEmployeePageTest" name="addEmployeeValidation">
    <skipped/>
  </testcase> <!-- addEmployeeValidation -->
</testsuite> <!-- com.hrms.testcases.AddEmployeePageTest -->
